[2025-11-22T17:44:21] Drafted case-study.html and README update. Pending user approval to modify repo and index.html.
[2025-11-22 19:06:40] Merged case study CSS into style.css; fixed TOC; replaced case-study navbar; added active highlighting; bumped README version.
[2025-11-22 19:06:40] Switched to .log extension per user preference; continuing to update both for this session.
[2025-11-22 21:08:29] Reviewed latest uploads; fixed case-study navbar & image token; updated README to next version; updated plan & log.
[2025-11-22 21:23:46] Applied visual updates: navbar active highlight (Option A), TOC theme matching, link color accent; bumped README; updated plan.
[2025-11-22 21:33:44] Reviewed files; bumped README; appended plan with exact line-numbered fix; pending approval for HTML changes.
[2025-11-22 21:48:00] v1.3.5 — User fixed dark-mode TOC (sidebar links + heading) in style.css; verified case-study visuals; updated README and plan; pending approval for minor case-study HTML copy/asset fixes.
[2025-11-22 22:05:00] v1.3.5 — User finalized dark-mode TOC and case-study copy/image; generated README and plan; awaiting deploy + README merge.
[2025-12-01 16:35:00] v1.3.6 — Add a Development Journey section.
[2025-12-03 18:00:00] v1.4.0 — User added screenshots across portfolio and case-study sections; initial layout adjustments.
[2025-12-03 18:10:00] v1.4.1 — Finalized case-study gallery using /assets images (research artifacts, dev journey, solution, blueprint, reflection); verified `<figure>`/`<figcaption>` structure.
[2025-12-03 18:15:00] v1.4.1 — Updated README version history and project plan to mark optional image work as completed and note future optional polish.
[2025-12-03 22:10:00] v1.4.2 — Finalized consistent image sizing using .img-fixed wrappers; ensured captions display correctly across all galleries.
[2025-12-03 22:12:00] v1.4.2 — Added phone-screenshot class for correct display of tall mobile aspect images (e.g., leaderboard).
[2025-12-03 22:15:00] v1.4.2 — Synced README, project plan, and log with new version update and visual improvements.
[2025-12-03 22:35:00] v1.4.3 — Updated Hero “Read Case Study” CTA to use Bootstrap outline button styling and added dark-theme overrides so outline buttons share a consistent black background with purple hover.
[2025-12-03 22:40:00] v1.4.3 — Planned case-study layout improvements: button-styled live link in the first figure caption and aligned caption heights for artifact galleries; synced README and project plan with this work.
[2025-12-03 23:00:00] v1.4.4 — Styled the case-study Overview “Live Game” link as an outline button consistent with project card CTAs.
[2025-12-03 23:05:00] v1.4.4 — Tagged artifact galleries and added a min-height for captions to keep Development Journey tiles visually aligned.
[2025-12-03 23:35:00] v1.4.5 — Improved image alt text and ensured consistent .artifact-gallery usage across case-study; fixed scroll offset with scroll-margin-top; verified dark-theme outline button styling across hero and case-study.
[2025-12-04 11:15:00] v1.4.6 — Expanded the case-study Technology section with diagrams, blueprint cards, two-column System Architecture, and a more prominent “Play the live game” CTA; synced README, plan, and HTML.
[2025-12-04 11:25:00] v1.4.6 — Fine-tuned the Technology CTA spacing, copy, and button style to match existing outline-button patterns in the case study.
[2025-12-04 11:40:00] v1.4.7 — Updated the navbar on index.html and case-study.html to include a left-aligned “Portfolio” link and moved “Case Study” to the far right; updated script.js so Portfolio highlights on the Hero section and active highlighting remains consistent across both pages.
